
[TEST] Running /mnt/data/code/Single-Phase-Reconstruction/tests/nrsh/ctc-tests/DeepCornellBox_16K.m test script.
Config file parsed.
******************************************************************************************
**************************Configuration setup:**************************
******************************************************************************************
	                      rec_dists : 0.25
	                       ap_sizes : 4096  4096 
	               apertureinpxmode : 1
	                           apod : 0
	                      bit_depth : 16
	                       cfg_file : ../../../data/config/nrsh_config/interfereV/DeepCornellBox_16K_000.txt
	                       clip_max : -1
	                       clip_min : -1
	                        dataset : 
	                      direction : forward
	                            fps : 10
	                          h_pos : 0  1
	                   hist_stretch : 1
	                       isBinary : 0
	                    isFourierDH : 0
	                         method : ASM
	                    name_prefix : 
	                  offaxisfilter : h
	                   orthographic : 0
	                  outfolderpath : ./figures
	                      perc_clip : 1
	                     perc_value : 90
	                    pixel_pitch : 2e-06
	                     reffronorm : 1
	                     resize_fun : 
	                  save_as_image : 1
	                    save_as_mat : 0
	                 save_intensity : 0
	                           show : 0
	                      targetres : 16384  16384
	                      usagemode : exhaustive
	      use_first_frame_reference : 1
	                          v_pos : 0  1
	                           wlen : 6.33e-07
	                       zero_pad : 1

Synthetic aperture out-of-bound check...passed!

Calculating h_pos=0 v_pos=0 apert_size=[4096x4096] rec_dist=0.25 ... done in 46.84 seconds.
Wrote to file: ./figures/DeepCornellBox_16K_000/DeepCornellBox_16K_000_0_0_[4096x4096]_0.25.png

Calculating h_pos=1 v_pos=0 apert_size=[4096x4096] rec_dist=0.25 ... done in 39.90 seconds.
Wrote to file: ./figures/DeepCornellBox_16K_000/DeepCornellBox_16K_000_1_0_[4096x4096]_0.25.png

Calculating h_pos=0 v_pos=1 apert_size=[4096x4096] rec_dist=0.25 ... done in 40.11 seconds.
Wrote to file: ./figures/DeepCornellBox_16K_000/DeepCornellBox_16K_000_0_1_[4096x4096]_0.25.png

Calculating h_pos=1 v_pos=1 apert_size=[4096x4096] rec_dist=0.25 ... done in 40.27 seconds.
Wrote to file: ./figures/DeepCornellBox_16K_000/DeepCornellBox_16K_000_1_1_[4096x4096]_0.25.png

Average reconstruction time (4 reconstruction(s)): 41.78 seconds.

ans =

     []


[PASS] /mnt/data/code/Single-Phase-Reconstruction/tests/nrsh/ctc-tests/DeepCornellBox_16K.m exited with 0.
