
[TEST] Running /mnt/data/code/Single-Phase-Reconstruction/tests/nrsh/ctc-tests/DeepDices2k.m test script.
Config file parsed.
******************************************************************************************
**************************Configuration setup:**************************
******************************************************************************************
	                      rec_dists : 0.867
	                       ap_sizes : 2048  2048 
	               apertureinpxmode : 1
	                           apod : 0
	                      bit_depth : 16
	                       cfg_file : ../../../data/config/nrsh_config/bcom/DeepDices2k_000.txt
	                       clip_max : -1
	                       clip_min : -1
	                        dataset : 
	                      direction : forward
	                            fps : 10
	                          h_pos : 0
	                   hist_stretch : 1
	                       isBinary : 0
	                    isFourierDH : 0
	                         method : ASM
	                    name_prefix : 
	                  offaxisfilter : h
	                   orthographic : 0
	                  outfolderpath : ./figures
	                      perc_clip : 1
	                     perc_value : 97
	                    pixel_pitch : 4.8e-06
	                     reffronorm : 1  1  1
	                     resize_fun : 
	                  save_as_image : 1
	                    save_as_mat : 0
	                 save_intensity : 0
	                           show : 0
	                      targetres : 2048  2048
	                      usagemode : exhaustive
	      use_first_frame_reference : 1
	                          v_pos : 0
	                           wlen : 6.4e-07    5.32e-07    4.73e-07
	                       zero_pad : 1

Synthetic aperture out-of-bound check...passed!

Calculating h_pos=0 v_pos=0 apert_size=[2048x2048] rec_dist=0.867 ... done in 2.04 seconds.
Wrote to file: ./figures/DeepDices2k_000/DeepDices2k_000_0_0_[2048x2048]_0.867.png

Average reconstruction time (1 reconstruction(s)): 2.04 seconds.

ans =

     []


[PASS] /mnt/data/code/Single-Phase-Reconstruction/tests/nrsh/ctc-tests/DeepDices2k.m exited with 0.
