
[TEST] Running /mnt/data/code/Single-Phase-Reconstruction/tests/nrsh/ctc-tests/Astronaut.m test script.
Config file parsed.
******************************************************************************************
**************************Configuration setup:**************************
******************************************************************************************
	                      rec_dists : -0.172
	                       ap_sizes : 1940  2588 
	               apertureinpxmode : 1
	                           apod : 0
	                      bit_depth : 16
	                       cfg_file : ../../../data/config/nrsh_config/emergimg/astronaut_000.txt
	                       clip_max : -1
	                       clip_min : -1
	                        dataset : 
	                      direction : forward
	                            fps : 10
	                          h_pos : 0
	                   hist_stretch : 0
	                       isBinary : 0
	                    isFourierDH : 0
	                         method : Fresnel
	                    name_prefix : 
	                  offaxisfilter : h
	                   orthographic : 0
	                  outfolderpath : ./figures
	                      perc_clip : 1
	                     perc_value : 99.9
	                    pixel_pitch : 2.2e-06
	                     reffronorm : 1
	                     resize_fun : 
	                  save_as_image : 1
	                    save_as_mat : 0
	                 save_intensity : 0
	                           show : 0
	                      targetres : 2588  2588
	                      usagemode : exhaustive
	      use_first_frame_reference : 1
	                          v_pos : 0
	                           wlen : 6.328e-07
	                       zero_pad : 0

Synthetic aperture out-of-bound check...passed!

Calculating h_pos=0 v_pos=0 apert_size=[1940x2588] rec_dist=-0.172 ... 
[ERROR] /mnt/data/code/Single-Phase-Reconstruction/tests/nrsh/ctc-tests/Astronaut.m exited with:
Not enough input arguments.

Error in rec_fresnel (line 135)
            if (isLast), clear F; end

Error in num_rec>@(dh,p,wlen,z,pad,dir,isLast)rec_fresnel(dh,p,wlen,z,pad,dir,isLast) (line 36)
                fun = @(dh, p, wlen, z, pad, dir, isLast) rec_fresnel(dh, p, wlen, z, pad, dir, isLast);

Error in num_rec (line 40)
                hol_rendered(:, :, idx) = fun(hol_rendered(:, :, idx), ...

Error in nrsh (line 497)
                [hol_rendered] = num_rec(hol_rendered, info, ...

Error in Astronaut (line 12)
nrsh(double(u1), -0.172, info)

Error in run (line 91)
evalin('caller', strcat(script, ';'));

Error in run_nrsh_test (line 34)
        run(convertStringsToChars(script));

Error in run (line 91)
evalin('caller', strcat(script, ';'));
