
[TEST] Running /mnt/data/code/Single-Phase-Reconstruction/tests/nrsh/ctc-tests/Breakdancers8k4k.m test script.
Config file parsed.
******************************************************************************************
**************************Configuration setup:**************************
******************************************************************************************
	                      rec_dists : 0.025
	                       ap_sizes : 7680  4320 
	               apertureinpxmode : 1
	                           apod : 0
	                      bit_depth : 16
	                       cfg_file : ../../../data/config/nrsh_config/bcom/breakdancers8k4k_000.txt
	                       clip_max : -1
	                       clip_min : -1
	                        dataset : 
	                      direction : forward
	                            fps : 10
	                          h_pos : 0
	                   hist_stretch : 1
	                       isBinary : 0
	                    isFourierDH : 0
	                         method : ASM
	                    name_prefix : 
	                  offaxisfilter : h
	                   orthographic : 0
	                  outfolderpath : ./figures
	                      perc_clip : 1
	                     perc_value : 98
	                    pixel_pitch : 4.8e-06
	                     reffronorm : 1  1  1
	                     resize_fun : 
	                  save_as_image : 1
	                    save_as_mat : 0
	                 save_intensity : 0
	                           show : 0
	                      targetres : 4320  7680
	                      usagemode : exhaustive
	      use_first_frame_reference : 1
	                          v_pos : 0
	                           wlen : 6.4e-07    5.32e-07    4.73e-07
	                       zero_pad : 1

Synthetic aperture out-of-bound check...
[Warning: Warning in nrsh: the following synthetic
apertures are not consistent with hologram
dimensions [4320x7680]:] 
[> In aperture_pixel_checker (line 51)
  In nrsh (line 356)
  In Breakdancers8k4k (line 12)
  In run (line 91)
  In run_nrsh_test (line 34)
  In run (line 91)] 
[7680x4320]

[ERROR] /mnt/data/code/Single-Phase-Reconstruction/tests/nrsh/ctc-tests/Breakdancers8k4k.m exited with:
Error using aperture_pixel_checker (line 59)
Error in nrsh: there are no other valid synthetic apertures! Execution aborted.

Error in nrsh (line 356)
                rec_par_idx = aperture_pixel_checker(size(hol, 1), size(hol, 2), rec_par_idx, ...

Error in Breakdancers8k4k (line 12)
nrsh(double(data), 0.025, info)

Error in run (line 91)
evalin('caller', strcat(script, ';'));

Error in run_nrsh_test (line 34)
        run(convertStringsToChars(script));

Error in run (line 91)
evalin('caller', strcat(script, ';'));
